<?xml version="1.0" encoding="UTF-8"?>
<testsuite name="com.bloodfinger.project.springboot.web.dto.HelloResponseDtoTest" tests="1" skipped="0" failures="0" errors="0" timestamp="2020-04-20T13:40:25" hostname="yangjaeuui-MacBookPro.local" time="0.071">
  <properties/>
  <testcase name="lombok_function_test" classname="com.bloodfinger.project.springboot.web.dto.HelloResponseDtoTest" time="0.071"/>
  <system-out><![CDATA[]]></system-out>
  <system-err><![CDATA[]]></system-err>
</testsuite>
