<?xml version="1.0" encoding="UTF-8"?>
<testsuite name="com.bloodfinger.project.springboot.web.IndexControllerTest" tests="1" skipped="0" failures="0" errors="0" timestamp="2020-04-20T13:40:31" hostname="yangjaeuui-MacBookPro.local" time="0.211">
  <properties/>
  <testcase name="main_loding" classname="com.bloodfinger.project.springboot.web.IndexControllerTest" time="0.211"/>
  <system-out><![CDATA[2020-04-20 22:40:27.420  INFO 16213 --- [    Test worker] .b.t.c.SpringBootTestContextBootstrapper : Neither @ContextConfiguration nor @ContextHierarchy found for test class [com.bloodfinger.project.springboot.web.IndexControllerTest], using SpringBootContextLoader
2020-04-20 22:40:27.422  INFO 16213 --- [    Test worker] o.s.t.c.support.AbstractContextLoader    : Could not detect default resource locations for test class [com.bloodfinger.project.springboot.web.IndexControllerTest]: no resource found for suffixes {-context.xml, Context.groovy}.
2020-04-20 22:40:27.422  INFO 16213 --- [    Test worker] t.c.s.AnnotationConfigContextLoaderUtils : Could not detect default configuration classes for test class [com.bloodfinger.project.springboot.web.IndexControllerTest]: IndexControllerTest does not declare any static, non-private, non-final, nested classes annotated with @Configuration.
2020-04-20 22:40:27.424  INFO 16213 --- [    Test worker] .b.t.c.SpringBootTestContextBootstrapper : Found @SpringBootConfiguration com.bloodfinger.project.springboot.Application for test class com.bloodfinger.project.springboot.web.IndexControllerTest
2020-04-20 22:40:27.430  INFO 16213 --- [    Test worker] .b.t.c.SpringBootTestContextBootstrapper : Loaded default TestExecutionListener class names from location [META-INF/spring.factories]: [org.springframework.boot.test.autoconfigure.restdocs.RestDocsTestExecutionListener, org.springframework.boot.test.autoconfigure.web.client.MockRestServiceServerResetTestExecutionListener, org.springframework.boot.test.autoconfigure.web.servlet.MockMvcPrintOnlyOnFailureTestExecutionListener, org.springframework.boot.test.autoconfigure.web.servlet.WebDriverTestExecutionListener, org.springframework.boot.test.mock.mockito.MockitoTestExecutionListener, org.springframework.boot.test.mock.mockito.ResetMocksTestExecutionListener, org.springframework.test.context.web.ServletTestExecutionListener, org.springframework.test.context.support.DirtiesContextBeforeModesTestExecutionListener, org.springframework.test.context.support.DependencyInjectionTestExecutionListener, org.springframework.test.context.support.DirtiesContextTestExecutionListener, org.springframework.test.context.transaction.TransactionalTestExecutionListener, org.springframework.test.context.jdbc.SqlScriptsTestExecutionListener]
2020-04-20 22:40:27.437  INFO 16213 --- [    Test worker] .b.t.c.SpringBootTestContextBootstrapper : Using TestExecutionListeners: [org.springframework.test.context.web.ServletTestExecutionListener@3ad9c95c, org.springframework.test.context.support.DirtiesContextBeforeModesTestExecutionListener@76221435, org.springframework.boot.test.mock.mockito.MockitoTestExecutionListener@1c93acd7, org.springframework.boot.test.autoconfigure.SpringBootDependencyInjectionTestExecutionListener@147a3fa, org.springframework.test.context.support.DirtiesContextTestExecutionListener@752009a7, org.springframework.test.context.transaction.TransactionalTestExecutionListener@13c5388a, org.springframework.test.context.jdbc.SqlScriptsTestExecutionListener@1231db31, org.springframework.boot.test.autoconfigure.restdocs.RestDocsTestExecutionListener@2ed5f2fe, org.springframework.boot.test.autoconfigure.web.client.MockRestServiceServerResetTestExecutionListener@5bcdbbb2, org.springframework.boot.test.autoconfigure.web.servlet.MockMvcPrintOnlyOnFailureTestExecutionListener@61f6c929, org.springframework.boot.test.autoconfigure.web.servlet.WebDriverTestExecutionListener@7d826e75, org.springframework.boot.test.mock.mockito.ResetMocksTestExecutionListener@7cc12139]

  .   ____          _            __ _ _
 /\\ / ___'_ __ _ _(_)_ __  __ _ \ \ \ \
( ( )\___ | '_ | '_| | '_ \/ _` | \ \ \ \
 \\/  ___)| |_)| | | | | || (_| |  ) ) ) )
  '  |____| .__|_| |_|_| |_\__, | / / / /
 =========|_|==============|___/=/_/_/_/
 :: Spring Boot ::        (v2.1.7.RELEASE)

2020-04-20 22:40:27.470  INFO 16213 --- [    Test worker] c.b.p.s.web.IndexControllerTest          : Starting IndexControllerTest on yangjaeuui-MacBookPro.local with PID 16213 (started by yangjaewoo in /Users/yangjaewoo/bloodfinger/project)
2020-04-20 22:40:27.471  INFO 16213 --- [    Test worker] c.b.p.s.web.IndexControllerTest          : No active profile set, falling back to default profiles: default
2020-04-20 22:40:27.694  INFO 16213 --- [    Test worker] .s.d.r.c.RepositoryConfigurationDelegate : Bootstrapping Spring Data repositories in DEFAULT mode.
2020-04-20 22:40:27.755  INFO 16213 --- [    Test worker] .s.d.r.c.RepositoryConfigurationDelegate : Finished Spring Data repository scanning in 46ms. Found 1 repository interfaces.
2020-04-20 22:40:27.981  INFO 16213 --- [    Test worker] trationDelegate$BeanPostProcessorChecker : Bean 'org.springframework.transaction.annotation.ProxyTransactionManagementConfiguration' of type [org.springframework.transaction.annotation.ProxyTransactionManagementConfiguration$$EnhancerBySpringCGLIB$$4948db28] is not eligible for getting processed by all BeanPostProcessors (for example: not eligible for auto-proxying)
2020-04-20 22:40:28.317  INFO 16213 --- [    Test worker] o.s.b.w.embedded.tomcat.TomcatWebServer  : Tomcat initialized with port(s): 0 (http)
2020-04-20 22:40:28.341  INFO 16213 --- [    Test worker] o.apache.catalina.core.StandardService   : Starting service [Tomcat]
2020-04-20 22:40:28.341  INFO 16213 --- [    Test worker] org.apache.catalina.core.StandardEngine  : Starting Servlet engine: [Apache Tomcat/9.0.22]
2020-04-20 22:40:28.444  INFO 16213 --- [    Test worker] o.a.c.c.C.[Tomcat].[localhost].[/]       : Initializing Spring embedded WebApplicationContext
2020-04-20 22:40:28.444  INFO 16213 --- [    Test worker] o.s.web.context.ContextLoader            : Root WebApplicationContext: initialization completed in 971 ms
2020-04-20 22:40:28.665  INFO 16213 --- [    Test worker] com.zaxxer.hikari.HikariDataSource       : HikariPool-1 - Starting...
2020-04-20 22:40:28.833  INFO 16213 --- [    Test worker] com.zaxxer.hikari.HikariDataSource       : HikariPool-1 - Start completed.
2020-04-20 22:40:28.905  INFO 16213 --- [    Test worker] o.hibernate.jpa.internal.util.LogHelper  : HHH000204: Processing PersistenceUnitInfo [
	name: default
	...]
2020-04-20 22:40:28.964  INFO 16213 --- [    Test worker] org.hibernate.Version                    : HHH000412: Hibernate Core {5.3.10.Final}
2020-04-20 22:40:28.966  INFO 16213 --- [    Test worker] org.hibernate.cfg.Environment            : HHH000206: hibernate.properties not found
2020-04-20 22:40:29.115  INFO 16213 --- [    Test worker] o.hibernate.annotations.common.Version   : HCANN000001: Hibernate Commons Annotations {5.0.4.Final}
2020-04-20 22:40:29.268  INFO 16213 --- [    Test worker] org.hibernate.dialect.Dialect            : HHH000400: Using dialect: org.hibernate.dialect.MySQL5InnoDBDialect
Hibernate: drop table if exists posts
Hibernate: create table posts (id bigint not null auto_increment, created_date datetime, modified_date datetime, author varchar(255), content TEXT not null, title varchar(500) not null, primary key (id)) engine=InnoDB
2020-04-20 22:40:29.919  INFO 16213 --- [    Test worker] o.h.t.schema.internal.SchemaCreatorImpl  : HHH000476: Executing import script 'org.hibernate.tool.schema.internal.exec.ScriptSourceInputNonExistentImpl@70cbdd72'
2020-04-20 22:40:29.923  INFO 16213 --- [    Test worker] j.LocalContainerEntityManagerFactoryBean : Initialized JPA EntityManagerFactory for persistence unit 'default'
2020-04-20 22:40:30.684  INFO 16213 --- [    Test worker] o.s.s.concurrent.ThreadPoolTaskExecutor  : Initializing ExecutorService 'applicationTaskExecutor'
2020-04-20 22:40:30.732  WARN 16213 --- [    Test worker] aWebConfiguration$JpaWebMvcConfiguration : spring.jpa.open-in-view is enabled by default. Therefore, database queries may be performed during view rendering. Explicitly configure spring.jpa.open-in-view to disable this warning
2020-04-20 22:40:30.776  INFO 16213 --- [    Test worker] o.s.b.a.w.s.WelcomePageHandlerMapping    : Adding welcome page template: index
2020-04-20 22:40:31.058  INFO 16213 --- [    Test worker] o.s.b.w.embedded.tomcat.TomcatWebServer  : Tomcat started on port(s): 52460 (http) with context path ''
2020-04-20 22:40:31.060  INFO 16213 --- [    Test worker] c.b.p.s.web.IndexControllerTest          : Started IndexControllerTest in 3.621 seconds (JVM running for 6.397)
2020-04-20 22:40:31.200  INFO 16213 --- [o-auto-1-exec-1] o.a.c.c.C.[Tomcat].[localhost].[/]       : Initializing Spring DispatcherServlet 'dispatcherServlet'
2020-04-20 22:40:31.201  INFO 16213 --- [o-auto-1-exec-1] o.s.web.servlet.DispatcherServlet        : Initializing Servlet 'dispatcherServlet'
2020-04-20 22:40:31.219  INFO 16213 --- [o-auto-1-exec-1] o.s.web.servlet.DispatcherServlet        : Completed initialization in 18 ms
]]></system-out>
  <system-err><![CDATA[]]></system-err>
</testsuite>
