<?xml version="1.0" encoding="UTF-8"?>
<testsuite name="com.bloodfinger.project.springboot.web.IndexControllerTest" tests="1" skipped="0" failures="0" errors="0" timestamp="2020-05-07T13:58:14" hostname="yangjaeuui-MacBookPro.local" time="0.317">
  <properties/>
  <testcase name="main_loding" classname="com.bloodfinger.project.springboot.web.IndexControllerTest" time="0.317"/>
  <system-out><![CDATA[22:58:09.728 [Test worker] DEBUG org.springframework.test.context.junit4.SpringJUnit4ClassRunner - SpringJUnit4ClassRunner constructor called with [class com.bloodfinger.project.springboot.web.IndexControllerTest]
22:58:09.735 [Test worker] DEBUG org.springframework.test.context.BootstrapUtils - Instantiating CacheAwareContextLoaderDelegate from class [org.springframework.test.context.cache.DefaultCacheAwareContextLoaderDelegate]
22:58:09.742 [Test worker] DEBUG org.springframework.test.context.BootstrapUtils - Instantiating BootstrapContext using constructor [public org.springframework.test.context.support.DefaultBootstrapContext(java.lang.Class,org.springframework.test.context.CacheAwareContextLoaderDelegate)]
22:58:09.760 [Test worker] DEBUG org.springframework.test.context.BootstrapUtils - Instantiating TestContextBootstrapper for test class [com.bloodfinger.project.springboot.web.IndexControllerTest] from class [org.springframework.boot.test.context.SpringBootTestContextBootstrapper]
22:58:09.777 [Test worker] INFO org.springframework.boot.test.context.SpringBootTestContextBootstrapper - Neither @ContextConfiguration nor @ContextHierarchy found for test class [com.bloodfinger.project.springboot.web.IndexControllerTest], using SpringBootContextLoader
22:58:09.780 [Test worker] DEBUG org.springframework.test.context.support.AbstractContextLoader - Did not detect default resource location for test class [com.bloodfinger.project.springboot.web.IndexControllerTest]: class path resource [com/bloodfinger/project/springboot/web/IndexControllerTest-context.xml] does not exist
22:58:09.780 [Test worker] DEBUG org.springframework.test.context.support.AbstractContextLoader - Did not detect default resource location for test class [com.bloodfinger.project.springboot.web.IndexControllerTest]: class path resource [com/bloodfinger/project/springboot/web/IndexControllerTestContext.groovy] does not exist
22:58:09.780 [Test worker] INFO org.springframework.test.context.support.AbstractContextLoader - Could not detect default resource locations for test class [com.bloodfinger.project.springboot.web.IndexControllerTest]: no resource found for suffixes {-context.xml, Context.groovy}.
22:58:09.781 [Test worker] INFO org.springframework.test.context.support.AnnotationConfigContextLoaderUtils - Could not detect default configuration classes for test class [com.bloodfinger.project.springboot.web.IndexControllerTest]: IndexControllerTest does not declare any static, non-private, non-final, nested classes annotated with @Configuration.
22:58:09.815 [Test worker] DEBUG org.springframework.test.context.support.ActiveProfilesUtils - Could not find an 'annotation declaring class' for annotation type [org.springframework.test.context.ActiveProfiles] and class [com.bloodfinger.project.springboot.web.IndexControllerTest]
22:58:09.895 [Test worker] DEBUG org.springframework.context.annotation.ClassPathScanningCandidateComponentProvider - Identified candidate component class: file [/Users/yangjaewoo/bloodfinger/project/build/classes/java/main/com/bloodfinger/project/springboot/Application.class]
22:58:09.896 [Test worker] INFO org.springframework.boot.test.context.SpringBootTestContextBootstrapper - Found @SpringBootConfiguration com.bloodfinger.project.springboot.Application for test class com.bloodfinger.project.springboot.web.IndexControllerTest
22:58:09.967 [Test worker] DEBUG org.springframework.boot.test.context.SpringBootTestContextBootstrapper - @TestExecutionListeners is not present for class [com.bloodfinger.project.springboot.web.IndexControllerTest]: using defaults.
22:58:09.967 [Test worker] INFO org.springframework.boot.test.context.SpringBootTestContextBootstrapper - Loaded default TestExecutionListener class names from location [META-INF/spring.factories]: [org.springframework.boot.test.autoconfigure.restdocs.RestDocsTestExecutionListener, org.springframework.boot.test.autoconfigure.web.client.MockRestServiceServerResetTestExecutionListener, org.springframework.boot.test.autoconfigure.web.servlet.MockMvcPrintOnlyOnFailureTestExecutionListener, org.springframework.boot.test.autoconfigure.web.servlet.WebDriverTestExecutionListener, org.springframework.boot.test.mock.mockito.MockitoTestExecutionListener, org.springframework.boot.test.mock.mockito.ResetMocksTestExecutionListener, org.springframework.test.context.web.ServletTestExecutionListener, org.springframework.test.context.support.DirtiesContextBeforeModesTestExecutionListener, org.springframework.test.context.support.DependencyInjectionTestExecutionListener, org.springframework.test.context.support.DirtiesContextTestExecutionListener, org.springframework.test.context.transaction.TransactionalTestExecutionListener, org.springframework.test.context.jdbc.SqlScriptsTestExecutionListener]
22:58:09.982 [Test worker] INFO org.springframework.boot.test.context.SpringBootTestContextBootstrapper - Using TestExecutionListeners: [org.springframework.test.context.web.ServletTestExecutionListener@3c74d3f3, org.springframework.test.context.support.DirtiesContextBeforeModesTestExecutionListener@7ba93f8f, org.springframework.boot.test.mock.mockito.MockitoTestExecutionListener@14b9671, org.springframework.boot.test.autoconfigure.SpringBootDependencyInjectionTestExecutionListener@6844a1ce, org.springframework.test.context.support.DirtiesContextTestExecutionListener@72351c7e, org.springframework.test.context.transaction.TransactionalTestExecutionListener@405200f0, org.springframework.test.context.jdbc.SqlScriptsTestExecutionListener@1d77ee95, org.springframework.boot.test.autoconfigure.restdocs.RestDocsTestExecutionListener@50f06624, org.springframework.boot.test.autoconfigure.web.client.MockRestServiceServerResetTestExecutionListener@afc56a8, org.springframework.boot.test.autoconfigure.web.servlet.MockMvcPrintOnlyOnFailureTestExecutionListener@5a799287, org.springframework.boot.test.autoconfigure.web.servlet.WebDriverTestExecutionListener@7858dc1b, org.springframework.boot.test.mock.mockito.ResetMocksTestExecutionListener@2b4a5472]
22:58:09.985 [Test worker] DEBUG org.springframework.test.annotation.ProfileValueUtils - Retrieved @ProfileValueSourceConfiguration [null] for test class [com.bloodfinger.project.springboot.web.IndexControllerTest]
22:58:09.985 [Test worker] DEBUG org.springframework.test.annotation.ProfileValueUtils - Retrieved ProfileValueSource type [class org.springframework.test.annotation.SystemProfileValueSource] for class [com.bloodfinger.project.springboot.web.IndexControllerTest]
22:58:09.988 [Test worker] DEBUG org.springframework.test.annotation.ProfileValueUtils - Retrieved @ProfileValueSourceConfiguration [null] for test class [com.bloodfinger.project.springboot.web.IndexControllerTest]
22:58:09.988 [Test worker] DEBUG org.springframework.test.annotation.ProfileValueUtils - Retrieved ProfileValueSource type [class org.springframework.test.annotation.SystemProfileValueSource] for class [com.bloodfinger.project.springboot.web.IndexControllerTest]
22:58:09.988 [Test worker] DEBUG org.springframework.test.annotation.ProfileValueUtils - Retrieved @ProfileValueSourceConfiguration [null] for test class [com.bloodfinger.project.springboot.web.IndexControllerTest]
22:58:09.989 [Test worker] DEBUG org.springframework.test.annotation.ProfileValueUtils - Retrieved ProfileValueSource type [class org.springframework.test.annotation.SystemProfileValueSource] for class [com.bloodfinger.project.springboot.web.IndexControllerTest]
22:58:09.992 [Test worker] DEBUG org.springframework.test.context.support.AbstractDirtiesContextTestExecutionListener - Before test class: context [DefaultTestContext@663d44c8 testClass = IndexControllerTest, testInstance = [null], testMethod = [null], testException = [null], mergedContextConfiguration = [WebMergedContextConfiguration@1e7ab554 testClass = IndexControllerTest, locations = '{}', classes = '{class com.bloodfinger.project.springboot.Application}', contextInitializerClasses = '[]', activeProfiles = '{}', propertySourceLocations = '{}', propertySourceProperties = '{org.springframework.boot.test.context.SpringBootTestContextBootstrapper=true, server.port=0}', contextCustomizers = set[org.springframework.boot.test.autoconfigure.properties.PropertyMappingContextCustomizer@0, org.springframework.boot.test.autoconfigure.web.servlet.WebDriverContextCustomizerFactory$Customizer@4fac5301, org.springframework.boot.test.context.filter.ExcludeFilterContextCustomizer@1e6df48d, org.springframework.boot.test.json.DuplicateJsonObjectContextCustomizerFactory$DuplicateJsonObjectContextCustomizer@43dd177b, org.springframework.boot.test.mock.mockito.MockitoContextCustomizer@0, org.springframework.boot.test.web.client.TestRestTemplateContextCustomizer@13e9237f], resourceBasePath = 'src/main/webapp', contextLoader = 'org.springframework.boot.test.context.SpringBootContextLoader', parent = [null]], attributes = map['org.springframework.test.context.web.ServletTestExecutionListener.activateListener' -> false]], class annotated with @DirtiesContext [false] with mode [null].
22:58:09.992 [Test worker] DEBUG org.springframework.test.annotation.ProfileValueUtils - Retrieved @ProfileValueSourceConfiguration [null] for test class [com.bloodfinger.project.springboot.web.IndexControllerTest]
22:58:09.992 [Test worker] DEBUG org.springframework.test.annotation.ProfileValueUtils - Retrieved ProfileValueSource type [class org.springframework.test.annotation.SystemProfileValueSource] for class [com.bloodfinger.project.springboot.web.IndexControllerTest]
22:58:09.996 [Test worker] DEBUG org.springframework.test.context.support.DependencyInjectionTestExecutionListener - Performing dependency injection for test context [[DefaultTestContext@663d44c8 testClass = IndexControllerTest, testInstance = com.bloodfinger.project.springboot.web.IndexControllerTest@74eac8f9, testMethod = [null], testException = [null], mergedContextConfiguration = [WebMergedContextConfiguration@1e7ab554 testClass = IndexControllerTest, locations = '{}', classes = '{class com.bloodfinger.project.springboot.Application}', contextInitializerClasses = '[]', activeProfiles = '{}', propertySourceLocations = '{}', propertySourceProperties = '{org.springframework.boot.test.context.SpringBootTestContextBootstrapper=true, server.port=0}', contextCustomizers = set[org.springframework.boot.test.autoconfigure.properties.PropertyMappingContextCustomizer@0, org.springframework.boot.test.autoconfigure.web.servlet.WebDriverContextCustomizerFactory$Customizer@4fac5301, org.springframework.boot.test.context.filter.ExcludeFilterContextCustomizer@1e6df48d, org.springframework.boot.test.json.DuplicateJsonObjectContextCustomizerFactory$DuplicateJsonObjectContextCustomizer@43dd177b, org.springframework.boot.test.mock.mockito.MockitoContextCustomizer@0, org.springframework.boot.test.web.client.TestRestTemplateContextCustomizer@13e9237f], resourceBasePath = 'src/main/webapp', contextLoader = 'org.springframework.boot.test.context.SpringBootContextLoader', parent = [null]], attributes = map['org.springframework.test.context.web.ServletTestExecutionListener.activateListener' -> false]]].
22:58:10.016 [Test worker] DEBUG org.springframework.test.context.support.TestPropertySourceUtils - Adding inlined properties to environment: {spring.jmx.enabled=false, org.springframework.boot.test.context.SpringBootTestContextBootstrapper=true, server.port=0}

  .   ____          _            __ _ _
 /\\ / ___'_ __ _ _(_)_ __  __ _ \ \ \ \
( ( )\___ | '_ | '_| | '_ \/ _` | \ \ \ \
 \\/  ___)| |_)| | | | | || (_| |  ) ) ) )
  '  |____| .__|_| |_|_| |_\__, | / / / /
 =========|_|==============|___/=/_/_/_/
 :: Spring Boot ::        (v2.1.7.RELEASE)

2020-05-07 22:58:10.420  INFO 52934 --- [    Test worker] c.b.p.s.web.IndexControllerTest          : Starting IndexControllerTest on yangjaeuui-MacBookPro.local with PID 52934 (started by yangjaewoo in /Users/yangjaewoo/bloodfinger/project)
2020-05-07 22:58:10.421  INFO 52934 --- [    Test worker] c.b.p.s.web.IndexControllerTest          : The following profiles are active: oauth
2020-05-07 22:58:10.956  INFO 52934 --- [    Test worker] .s.d.r.c.RepositoryConfigurationDelegate : Bootstrapping Spring Data repositories in DEFAULT mode.
2020-05-07 22:58:11.018  INFO 52934 --- [    Test worker] .s.d.r.c.RepositoryConfigurationDelegate : Finished Spring Data repository scanning in 54ms. Found 2 repository interfaces.
2020-05-07 22:58:11.408  INFO 52934 --- [    Test worker] trationDelegate$BeanPostProcessorChecker : Bean 'org.springframework.transaction.annotation.ProxyTransactionManagementConfiguration' of type [org.springframework.transaction.annotation.ProxyTransactionManagementConfiguration$$EnhancerBySpringCGLIB$$7b8a8d36] is not eligible for getting processed by all BeanPostProcessors (for example: not eligible for auto-proxying)
2020-05-07 22:58:11.755  INFO 52934 --- [    Test worker] o.s.b.w.embedded.tomcat.TomcatWebServer  : Tomcat initialized with port(s): 0 (http)
2020-05-07 22:58:11.779  INFO 52934 --- [    Test worker] o.apache.catalina.core.StandardService   : Starting service [Tomcat]
2020-05-07 22:58:11.779  INFO 52934 --- [    Test worker] org.apache.catalina.core.StandardEngine  : Starting Servlet engine: [Apache Tomcat/9.0.22]
2020-05-07 22:58:11.878  INFO 52934 --- [    Test worker] o.a.c.c.C.[Tomcat].[localhost].[/]       : Initializing Spring embedded WebApplicationContext
2020-05-07 22:58:11.878  INFO 52934 --- [    Test worker] o.s.web.context.ContextLoader            : Root WebApplicationContext: initialization completed in 1439 ms
2020-05-07 22:58:12.106  INFO 52934 --- [    Test worker] com.zaxxer.hikari.HikariDataSource       : HikariPool-1 - Starting...
2020-05-07 22:58:12.266  INFO 52934 --- [    Test worker] com.zaxxer.hikari.HikariDataSource       : HikariPool-1 - Start completed.
2020-05-07 22:58:12.345  INFO 52934 --- [    Test worker] o.hibernate.jpa.internal.util.LogHelper  : HHH000204: Processing PersistenceUnitInfo [
	name: default
	...]
2020-05-07 22:58:12.405  INFO 52934 --- [    Test worker] org.hibernate.Version                    : HHH000412: Hibernate Core {5.3.10.Final}
2020-05-07 22:58:12.406  INFO 52934 --- [    Test worker] org.hibernate.cfg.Environment            : HHH000206: hibernate.properties not found
2020-05-07 22:58:12.572  INFO 52934 --- [    Test worker] o.hibernate.annotations.common.Version   : HCANN000001: Hibernate Commons Annotations {5.0.4.Final}
2020-05-07 22:58:12.707  INFO 52934 --- [    Test worker] org.hibernate.dialect.Dialect            : HHH000400: Using dialect: org.hibernate.dialect.MySQL5InnoDBDialect
Hibernate: drop table if exists posts
Hibernate: drop table if exists user
Hibernate: create table posts (id bigint not null auto_increment, created_date datetime, modified_date datetime, author varchar(255), content TEXT not null, title varchar(500) not null, primary key (id)) engine=InnoDB
Hibernate: create table user (id bigint not null auto_increment, created_date datetime, modified_date datetime, email varchar(255) not null, name varchar(255) not null, picture varchar(255), role varchar(255) not null, primary key (id)) engine=InnoDB
2020-05-07 22:58:13.267  INFO 52934 --- [    Test worker] o.h.t.schema.internal.SchemaCreatorImpl  : HHH000476: Executing import script 'org.hibernate.tool.schema.internal.exec.ScriptSourceInputNonExistentImpl@365c34f7'
2020-05-07 22:58:13.270  INFO 52934 --- [    Test worker] j.LocalContainerEntityManagerFactoryBean : Initialized JPA EntityManagerFactory for persistence unit 'default'
2020-05-07 22:58:13.852  INFO 52934 --- [    Test worker] o.h.h.i.QueryTranslatorFactoryInitiator  : HHH000397: Using ASTQueryTranslatorFactory
2020-05-07 22:58:14.176  INFO 52934 --- [    Test worker] o.s.s.web.DefaultSecurityFilterChain     : Creating filter chain: any request, [org.springframework.security.web.context.request.async.WebAsyncManagerIntegrationFilter@173b7ca, org.springframework.security.web.context.SecurityContextPersistenceFilter@3061e490, org.springframework.security.web.header.HeaderWriterFilter@a01c86b, org.springframework.security.web.authentication.logout.LogoutFilter@536e5c85, org.springframework.security.oauth2.client.web.OAuth2AuthorizationRequestRedirectFilter@4de6a2bf, org.springframework.security.oauth2.client.web.OAuth2LoginAuthenticationFilter@6d43f0e0, org.springframework.security.web.authentication.ui.DefaultLoginPageGeneratingFilter@6ed42864, org.springframework.security.web.authentication.ui.DefaultLogoutPageGeneratingFilter@54ed84e5, org.springframework.security.web.savedrequest.RequestCacheAwareFilter@76216d8b, org.springframework.security.web.servletapi.SecurityContextHolderAwareRequestFilter@1b22a2de, org.springframework.security.web.authentication.AnonymousAuthenticationFilter@64b7f572, org.springframework.security.web.session.SessionManagementFilter@7281e7e5, org.springframework.security.web.access.ExceptionTranslationFilter@26d81f34, org.springframework.security.web.access.intercept.FilterSecurityInterceptor@3eea4bc1]
2020-05-07 22:58:14.450  INFO 52934 --- [    Test worker] o.s.s.concurrent.ThreadPoolTaskExecutor  : Initializing ExecutorService 'applicationTaskExecutor'
2020-05-07 22:58:14.494  WARN 52934 --- [    Test worker] aWebConfiguration$JpaWebMvcConfiguration : spring.jpa.open-in-view is enabled by default. Therefore, database queries may be performed during view rendering. Explicitly configure spring.jpa.open-in-view to disable this warning
2020-05-07 22:58:14.536  INFO 52934 --- [    Test worker] o.s.b.a.w.s.WelcomePageHandlerMapping    : Adding welcome page template: index
2020-05-07 22:58:14.840  INFO 52934 --- [    Test worker] o.s.b.w.embedded.tomcat.TomcatWebServer  : Tomcat started on port(s): 63181 (http) with context path ''
2020-05-07 22:58:14.842  INFO 52934 --- [    Test worker] c.b.p.s.web.IndexControllerTest          : Started IndexControllerTest in 4.825 seconds (JVM running for 5.655)
2020-05-07 22:58:14.993  INFO 52934 --- [o-auto-1-exec-1] o.a.c.c.C.[Tomcat].[localhost].[/]       : Initializing Spring DispatcherServlet 'dispatcherServlet'
2020-05-07 22:58:14.993  INFO 52934 --- [o-auto-1-exec-1] o.s.web.servlet.DispatcherServlet        : Initializing Servlet 'dispatcherServlet'
2020-05-07 22:58:15.012  INFO 52934 --- [o-auto-1-exec-1] o.s.web.servlet.DispatcherServlet        : Completed initialization in 19 ms
Hibernate: select posts0_.id as id1_0_, posts0_.created_date as created_2_0_, posts0_.modified_date as modified3_0_, posts0_.author as author4_0_, posts0_.content as content5_0_, posts0_.title as title6_0_ from posts posts0_ order by posts0_.id DESC
]]></system-out>
  <system-err><![CDATA[]]></system-err>
</testsuite>
